<?xml version="1.0" encoding="UTF-8"?>
<testng-results ignored="0" total="1" passed="1" failed="0" skipped="0">
  <reporter-output>
  </reporter-output>
  <suite started-at="2023-08-02T09:09:10 IST" name="Default suite" finished-at="2023-08-02T09:14:32 IST" duration-ms="322760">
    <groups>
    </groups>
    <test started-at="2023-08-02T09:09:10 IST" name="Default test" finished-at="2023-08-02T09:14:32 IST" duration-ms="322760">
      <class name="Assignment.Wheather_App">
        <test-method is-config="true" signature="setup()[pri:0, instance:Assignment.Wheather_App@229d10bd]" started-at="2023-08-02T09:09:10 IST" name="setup" finished-at="2023-08-02T09:09:10 IST" duration-ms="193" status="PASS">
          <reporter-output>
          </reporter-output>
        </test-method> <!-- setup -->
        <test-method signature="testWeatherApp()[pri:0, instance:Assignment.Wheather_App@229d10bd]" started-at="2023-08-02T09:09:10 IST" name="testWeatherApp" finished-at="2023-08-02T09:14:32 IST" duration-ms="322351" status="PASS">
          <reporter-output>
          </reporter-output>
        </test-method> <!-- testWeatherApp -->
        <test-method is-config="true" signature="tearDown()[pri:0, instance:Assignment.Wheather_App@229d10bd]" started-at="2023-08-02T09:14:32 IST" name="tearDown" finished-at="2023-08-02T09:14:32 IST" duration-ms="1" status="PASS">
          <reporter-output>
          </reporter-output>
        </test-method> <!-- tearDown -->
      </class> <!-- Assignment.Wheather_App -->
    </test> <!-- Default test -->
  </suite> <!-- Default suite -->
</testng-results>
